#
# A fatal error has been detected by the Java Runtime Environment:
#
#  EXCEPTION_ACCESS_VIOLATION (0xc0000005) at pc=0x000000006834a3c5, pid=10252, tid=11860
#
# JRE version: Java(TM) SE Runtime Environment (8.0_25-b18) (build 1.8.0_25-b18)
# Java VM: Java HotSpot(TM) 64-Bit Server VM (25.25-b02 mixed mode windows-amd64 compressed oops)
# Problematic frame:
# V  [jvm.dll+0x11a3c5]
#
# Failed to write core dump. Minidumps are not enabled by default on client versions of Windows
#
# If you would like to submit a bug report, please visit:
#   http://bugreport.sun.com/bugreport/crash.jsp
#

---------------  T H R E A D  ---------------

Current thread (0x0000000058a71800):  JavaThread "JDWP Transport Listener: dt_socket" daemon [_thread_in_vm, id=11860, stack(0x0000000059760000,0x0000000059860000)]

siginfo: ExceptionCode=0xc0000005, reading address 0xffffffffffffffff

Registers:
RAX=0x000000005985f101, RBX=0x0000000058a71800, RCX=0x003b797274003b6e, RDX=0x0000000000000000
RSP=0x000000005985f190, RBP=0x003b797274003b6e, RSI=0x000000005985f2a8, RDI=0x000000000231f8b0
R8 =0x0000000058a71800, R9 =0x0000000000000700, R10=0x0000000000000000, R11=0x7365855e00c80033
R12=0x0000000000000000, R13=0x0000000058a6bb88, R14=0x0000000000000000, R15=0x0000000000000000
RIP=0x000000006834a3c5, EFLAGS=0x0000000000010202

Top of Stack: (sp=0x000000005985f190)
0x000000005985f190:   0000000058a71800 0000000058a71800
0x000000005985f1a0:   000000005985f258 00000000685478db
0x000000005985f1b0:   0000000058a71800 000000006856413d
0x000000005985f1c0:   0000000000000000 000000006fce9149
0x000000005985f1d0:   000000005a105fc8 000000006fcf2912
0x000000005985f1e0:   0000000058a71800 0000000000000000
0x000000005985f1f0:   0000000000000000 0000000000000000
0x000000005985f200:   003b797274003b6e 000000006fcf1a09
0x000000005985f210:   000000005985f2a8 000000005985f280
0x000000005985f220:   0000000000000001 000000005a105fc8
0x000000005985f230:   003b797274003b6e 000000006fcd53b3
0x000000005985f240:   000000005985f370 0000000000000001
0x000000005985f250:   0000000000000001 000000005a105fc8
0x000000005985f260:   00000000f000100a 0000000000000000
0x000000005985f270:   0000000000000000 0000000000000000
0x000000005985f280:   0000000000000001 000000006fcd5571 

Instructions: (pc=0x000000006834a3c5)
0x000000006834a3a5:   cc cc cc cc cc cc cc cc cc cc cc 48 83 ec 28 48
0x000000006834a3b5:   85 c9 75 07 33 c0 48 83 c4 28 c3 48 89 5c 24 20
0x000000006834a3c5:   48 8b 19 48 85 db 74 20 48 83 fb 37 74 1a 48 8b
0x000000006834a3d5:   13 48 8b cb ff 52 10 84 c0 74 0d 48 8b c3 48 8b 


Register to memory mapping:

RAX=0x000000005985f101 is pointing into the stack for thread: 0x0000000058a71800
RBX=0x0000000058a71800 is a thread
RCX=0x003b797274003b6e is an unknown value
RDX=0x0000000000000000 is an unknown value
RSP=0x000000005985f190 is pointing into the stack for thread: 0x0000000058a71800
RBP=0x003b797274003b6e is an unknown value
RSI=0x000000005985f2a8 is pointing into the stack for thread: 0x0000000058a71800
RDI=0x000000000231f8b0 is an unknown value
R8 =0x0000000058a71800 is a thread
R9 =0x0000000000000700 is an unknown value
R10=0x0000000000000000 is an unknown value
R11=0x7365855e00c80033 is an unknown value
R12=0x0000000000000000 is an unknown value
R13=0x0000000058a6bb88 is an unknown value
R14=0x0000000000000000 is an unknown value
R15=0x0000000000000000 is an unknown value


Stack: [0x0000000059760000,0x0000000059860000],  sp=0x000000005985f190,  free space=1020k
Native frames: (J=compiled Java code, j=interpreted, Vv=VM code, C=native code)
V  [jvm.dll+0x11a3c5]
V  [jvm.dll+0x33413d]
C  [jdwp.dll+0x21a09]
C  [jdwp.dll+0x53b3]
C  [jdwp.dll+0x5571]
C  [jdwp.dll+0xf09c]
C  [jdwp.dll+0x1f2c9]
C  [jdwp.dll+0x1f49e]
V  [jvm.dll+0x1abba8]
V  [jvm.dll+0x22bde4]
V  [jvm.dll+0x2852fa]
C  [msvcr100.dll+0x21d9f]
C  [msvcr100.dll+0x21e3b]
C  [kernel32.dll+0x159cd]
C  [ntdll.dll+0x5383d]


---------------  P R O C E S S  ---------------

Java Threads: ( => current thread )
  0x000000005e6d7800 JavaThread "DestroyJavaVM" [_thread_blocked, id=7568, stack(0x0000000002580000,0x0000000002680000)]
  0x000000005e6d7000 JavaThread "http-nio-8080-AsyncTimeout" daemon [_thread_blocked, id=11840, stack(0x00000000615e0000,0x00000000616e0000)]
  0x000000005e6d6000 JavaThread "http-nio-8080-Acceptor-0" daemon [_thread_in_native, id=17092, stack(0x00000000611a0000,0x00000000612a0000)]
  0x000000005e6c5800 JavaThread "http-nio-8080-ClientPoller-1" daemon [_thread_in_native, id=13752, stack(0x00000000614d0000,0x00000000615d0000)]
  0x000000005e6c4800 JavaThread "http-nio-8080-ClientPoller-0" daemon [_thread_in_native, id=10808, stack(0x00000000612e0000,0x00000000613e0000)]
  0x000000005e6c4000 JavaThread "http-nio-8080-exec-10" daemon [_thread_blocked, id=11940, stack(0x0000000061090000,0x0000000061190000)]
  0x000000005e6c3000 JavaThread "http-nio-8080-exec-9" daemon [_thread_blocked, id=6888, stack(0x0000000060650000,0x0000000060750000)]
  0x000000005e6c2800 JavaThread "http-nio-8080-exec-8" daemon [_thread_blocked, id=5544, stack(0x0000000060f00000,0x0000000061000000)]
  0x000000005e6c1800 JavaThread "http-nio-8080-exec-7" daemon [_thread_blocked, id=6608, stack(0x0000000060d10000,0x0000000060e10000)]
  0x000000005e6c1000 JavaThread "http-nio-8080-exec-6" daemon [_thread_blocked, id=11068, stack(0x0000000060bc0000,0x0000000060cc0000)]
  0x000000005e6c0000 JavaThread "http-nio-8080-exec-5" daemon [_thread_blocked, id=14208, stack(0x00000000609d0000,0x0000000060ad0000)]
  0x000000005e6bf800 JavaThread "http-nio-8080-exec-4" daemon [_thread_blocked, id=10144, stack(0x00000000607c0000,0x00000000608c0000)]
  0x000000005e6be800 JavaThread "http-nio-8080-exec-3" daemon [_thread_blocked, id=5240, stack(0x0000000060550000,0x0000000060650000)]
  0x000000005e6be000 JavaThread "http-nio-8080-exec-2" daemon [_thread_blocked, id=17256, stack(0x0000000060240000,0x0000000060340000)]
  0x000000005e6bd000 JavaThread "http-nio-8080-exec-1" daemon [_thread_blocked, id=14952, stack(0x00000000603c0000,0x00000000604c0000)]
  0x000000005e6bc000 JavaThread "NioBlockingSelector.BlockPoller-1" daemon [_thread_in_native, id=16260, stack(0x000000005d510000,0x000000005d610000)]
  0x000000005c434800 JavaThread "HikariPool-1 housekeeper" daemon [_thread_blocked, id=15876, stack(0x000000005dd40000,0x000000005de40000)]
  0x000000005c353800 JavaThread "Abandoned connection cleanup thread" daemon [_thread_blocked, id=10176, stack(0x000000005d860000,0x000000005d960000)]
  0x000000005c339800 JavaThread "container-0" [_thread_blocked, id=15248, stack(0x000000005d670000,0x000000005d770000)]
  0x000000005c339000 JavaThread "ContainerBackgroundProcessor[StandardEngine[Tomcat]]" daemon [_thread_blocked, id=16440, stack(0x000000005d400000,0x000000005d500000)]
  0x000000005a1f2000 JavaThread "RMI TCP Accept-0" daemon [_thread_in_native, id=13100, stack(0x000000005ab30000,0x000000005ac30000)]
  0x000000005a1e0000 JavaThread "RMI TCP Accept-54663" daemon [_thread_in_native, id=12572, stack(0x000000005a880000,0x000000005a980000)]
  0x000000005a1d5000 JavaThread "RMI TCP Accept-0" daemon [_thread_in_native, id=17384, stack(0x0000000059af0000,0x0000000059bf0000)]
  0x0000000058b05800 JavaThread "Service Thread" daemon [_thread_blocked, id=2100, stack(0x0000000059f00000,0x000000005a000000)]
  0x0000000058abe800 JavaThread "C1 CompilerThread2" daemon [_thread_blocked, id=16264, stack(0x0000000059da0000,0x0000000059ea0000)]
  0x0000000058a89800 JavaThread "C2 CompilerThread1" daemon [_thread_blocked, id=10084, stack(0x0000000059c40000,0x0000000059d40000)]
  0x0000000058a85800 JavaThread "C2 CompilerThread0" daemon [_thread_blocked, id=6696, stack(0x0000000059620000,0x0000000059720000)]
  0x0000000058a78800 JavaThread "JDWP Command Reader" daemon [_thread_in_native, id=5940, stack(0x0000000059950000,0x0000000059a50000)]
  0x0000000058a75000 JavaThread "JDWP Event Helper Thread" daemon [_thread_blocked, id=17244, stack(0x0000000059470000,0x0000000059570000)]
=>0x0000000058a71800 JavaThread "JDWP Transport Listener: dt_socket" daemon [_thread_in_vm, id=11860, stack(0x0000000059760000,0x0000000059860000)]
  0x00000000576ce800 JavaThread "Attach Listener" daemon [_thread_blocked, id=17352, stack(0x00000000585d0000,0x00000000586d0000)]
  0x00000000576ca800 JavaThread "Signal Dispatcher" daemon [_thread_blocked, id=12676, stack(0x0000000058f20000,0x0000000059020000)]
  0x000000005766b000 JavaThread "Finalizer" daemon [_thread_blocked, id=3848, stack(0x0000000058860000,0x0000000058960000)]
  0x0000000057662000 JavaThread "Reference Handler" daemon [_thread_blocked, id=8700, stack(0x0000000058960000,0x0000000058a60000)]

Other Threads:
  0x000000005765c800 VMThread [stack: 0x0000000058740000,0x0000000058840000] [id=8864]
  0x000000005a1f3800 WatcherThread [stack: 0x000000005aa10000,0x000000005ab10000] [id=9552]

VM state:not at safepoint (normal execution)

VM Mutex/Monitor currently owned by a thread: None

Heap:
 PSYoungGen      total 222208K, used 56811K [0x00000000d5d80000, 0x00000000e4d00000, 0x0000000100000000)
  eden space 203264K, 27% used [0x00000000d5d80000,0x00000000d94fad08,0x00000000e2400000)
  from space 18944K, 0% used [0x00000000e3900000,0x00000000e3900000,0x00000000e4b80000)
  to   space 20992K, 0% used [0x00000000e2400000,0x00000000e2400000,0x00000000e3880000)
 ParOldGen       total 140288K, used 35977K [0x0000000081800000, 0x000000008a100000, 0x00000000d5d80000)
  object space 140288K, 25% used [0x0000000081800000,0x0000000083b22640,0x000000008a100000)
 Metaspace       used 58715K, capacity 61622K, committed 61824K, reserved 1101824K
  class space    used 8295K, capacity 8784K, committed 8832K, reserved 1048576K

Card table byte_map: [0x0000000011d10000,0x0000000012110000] byte_map_base: 0x0000000011904000

Marking Bits: (ParMarkBitMap*) 0x0000000068a0d490
 Begin Bits: [0x0000000012990000, 0x0000000014930000)
 End Bits:   [0x0000000014930000, 0x00000000168d0000)

Polling page: 0x0000000000450000

CodeCache: size=245760Kb used=12461Kb max_used=12581Kb free=233298Kb
 bounds [0x0000000002950000, 0x00000000035a0000, 0x0000000011950000]
 total_blobs=7302 nmethods=6754 adapters=468
 compilation: enabled

Compilation events (10 events):
Event: 258.863 Thread 0x0000000058abe800 6829       1       sun.misc.URLClassPath$FileLoader$1::getURL (5 bytes)
Event: 258.863 Thread 0x0000000058abe800 nmethod 6829 0x0000000002d54390 code [0x0000000002d544e0, 0x0000000002d545f0]
Event: 265.166 Thread 0x0000000058abe800 6830       1       org.apache.tomcat.util.net.NioBlockingSelector$BlockPoller::events (54 bytes)
Event: 265.167 Thread 0x0000000058abe800 nmethod 6830 0x0000000002d53c90 code [0x0000000002d53e20, 0x0000000002d541f8]
Event: 265.971 Thread 0x0000000058abe800 6831       1       java.util.Collections$SetFromMap::iterator (10 bytes)
Event: 265.972 Thread 0x0000000058abe800 nmethod 6831 0x0000000002d53990 code [0x0000000002d53ae0, 0x0000000002d53c28]
Event: 323.745 Thread 0x0000000058abe800 6832       1       org.apache.catalina.core.ContainerBase::getBackgroundProcessorDelay (5 bytes)
Event: 323.745 Thread 0x0000000058abe800 nmethod 6832 0x0000000002d536d0 code [0x0000000002d53820, 0x0000000002d53930]
Event: 343.754 Thread 0x0000000058abe800 6833       1       java.util.EventObject::getSource (5 bytes)
Event: 343.754 Thread 0x0000000058abe800 nmethod 6833 0x0000000002a76810 code [0x0000000002a76960, 0x0000000002a76a70]

GC Heap History (10 events):
Event: 3.968 GC heap before
{Heap before GC invocations=9 (full 1):
 PSYoungGen      total 113152K, used 67761K [0x00000000d5d80000, 0x00000000e1a00000, 0x0000000100000000)
  eden space 104448K, 56% used [0x00000000d5d80000,0x00000000d972f728,0x00000000dc380000)
  from space 8704K, 99% used [0x00000000dc380000,0x00000000dcbfd030,0x00000000dcc00000)
  to   space 14336K, 0% used [0x00000000e0c00000,0x00000000e0c00000,0x00000000e1a00000)
 ParOldGen       total 55296K, used 18461K [0x0000000081800000, 0x0000000084e00000, 0x00000000d5d80000)
  object space 55296K, 33% used [0x0000000081800000,0x0000000082a075d8,0x0000000084e00000)
 Metaspace       used 33925K, capacity 35466K, committed 35496K, reserved 1079296K
  class space    used 4577K, capacity 4852K, committed 4864K, reserved 1048576K
Event: 3.983 GC heap after
Heap after GC invocations=9 (full 1):
 PSYoungGen      total 177664K, used 12381K [0x00000000d5d80000, 0x00000000e1b00000, 0x0000000100000000)
  eden space 163328K, 0% used [0x00000000d5d80000,0x00000000d5d80000,0x00000000dfd00000)
  from space 14336K, 86% used [0x00000000e0c00000,0x00000000e1817540,0x00000000e1a00000)
  to   space 15360K, 0% used [0x00000000dfd00000,0x00000000dfd00000,0x00000000e0c00000)
 ParOldGen       total 55296K, used 18469K [0x0000000081800000, 0x0000000084e00000, 0x00000000d5d80000)
  object space 55296K, 33% used [0x0000000081800000,0x0000000082a095d8,0x0000000084e00000)
 Metaspace       used 33925K, capacity 35466K, committed 35496K, reserved 1079296K
  class space    used 4577K, capacity 4852K, committed 4864K, reserved 1048576K
}
Event: 3.983 GC heap before
{Heap before GC invocations=10 (full 2):
 PSYoungGen      total 177664K, used 12381K [0x00000000d5d80000, 0x00000000e1b00000, 0x0000000100000000)
  eden space 163328K, 0% used [0x00000000d5d80000,0x00000000d5d80000,0x00000000dfd00000)
  from space 14336K, 86% used [0x00000000e0c00000,0x00000000e1817540,0x00000000e1a00000)
  to   space 15360K, 0% used [0x00000000dfd00000,0x00000000dfd00000,0x00000000e0c00000)
 ParOldGen       total 55296K, used 18469K [0x0000000081800000, 0x0000000084e00000, 0x00000000d5d80000)
  object space 55296K, 33% used [0x0000000081800000,0x0000000082a095d8,0x0000000084e00000)
 Metaspace       used 33925K, capacity 35466K, committed 35496K, reserved 1079296K
  class space    used 4577K, capacity 4852K, committed 4864K, reserved 1048576K
Event: 4.080 GC heap after
Heap after GC invocations=10 (full 2):
 PSYoungGen      total 177664K, used 0K [0x00000000d5d80000, 0x00000000e1b00000, 0x0000000100000000)
  eden space 163328K, 0% used [0x00000000d5d80000,0x00000000d5d80000,0x00000000dfd00000)
  from space 14336K, 0% used [0x00000000e0c00000,0x00000000e0c00000,0x00000000e1a00000)
  to   space 15360K, 0% used [0x00000000dfd00000,0x00000000dfd00000,0x00000000e0c00000)
 ParOldGen       total 99328K, used 21289K [0x0000000081800000, 0x0000000087900000, 0x00000000d5d80000)
  object space 99328K, 21% used [0x0000000081800000,0x0000000082cca438,0x0000000087900000)
 Metaspace       used 33925K, capacity 35466K, committed 35496K, reserved 1079296K
  class space    used 4577K, capacity 4852K, committed 4864K, reserved 1048576K
}
Event: 8.160 GC heap before
{Heap before GC invocations=11 (full 2):
 PSYoungGen      total 177664K, used 163328K [0x00000000d5d80000, 0x00000000e1b00000, 0x0000000100000000)
  eden space 163328K, 100% used [0x00000000d5d80000,0x00000000dfd00000,0x00000000dfd00000)
  from space 14336K, 0% used [0x00000000e0c00000,0x00000000e0c00000,0x00000000e1a00000)
  to   space 15360K, 0% used [0x00000000dfd00000,0x00000000dfd00000,0x00000000e0c00000)
 ParOldGen       total 99328K, used 21289K [0x0000000081800000, 0x0000000087900000, 0x00000000d5d80000)
  object space 99328K, 21% used [0x0000000081800000,0x0000000082cca438,0x0000000087900000)
 Metaspace       used 49504K, capacity 51714K, committed 51968K, reserved 1093632K
  class space    used 7011K, capacity 7388K, committed 7424K, reserved 1048576K
Event: 8.180 GC heap after
Heap after GC invocations=11 (full 2):
 PSYoungGen      total 178688K, used 15357K [0x00000000d5d80000, 0x00000000e4b80000, 0x0000000100000000)
  eden space 163328K, 0% used [0x00000000d5d80000,0x00000000d5d80000,0x00000000dfd00000)
  from space 15360K, 99% used [0x00000000dfd00000,0x00000000e0bff768,0x00000000e0c00000)
  to   space 18944K, 0% used [0x00000000e3900000,0x00000000e3900000,0x00000000e4b80000)
 ParOldGen       total 99328K, used 25053K [0x0000000081800000, 0x0000000087900000, 0x00000000d5d80000)
  object space 99328K, 25% used [0x0000000081800000,0x0000000083077520,0x0000000087900000)
 Metaspace       used 49504K, capacity 51714K, committed 51968K, reserved 1093632K
  class space    used 7011K, capacity 7388K, committed 7424K, reserved 1048576K
}
Event: 9.663 GC heap before
{Heap before GC invocations=12 (full 2):
 PSYoungGen      total 178688K, used 146644K [0x00000000d5d80000, 0x00000000e4b80000, 0x0000000100000000)
  eden space 163328K, 80% used [0x00000000d5d80000,0x00000000dddb5b90,0x00000000dfd00000)
  from space 15360K, 99% used [0x00000000dfd00000,0x00000000e0bff768,0x00000000e0c00000)
  to   space 18944K, 0% used [0x00000000e3900000,0x00000000e3900000,0x00000000e4b80000)
 ParOldGen       total 99328K, used 25053K [0x0000000081800000, 0x0000000087900000, 0x00000000d5d80000)
  object space 99328K, 25% used [0x0000000081800000,0x0000000083077520,0x0000000087900000)
 Metaspace       used 56310K, capacity 59034K, committed 59136K, reserved 1099776K
  class space    used 7932K, capacity 8396K, committed 8448K, reserved 1048576K
Event: 9.684 GC heap after
Heap after GC invocations=12 (full 2):
 PSYoungGen      total 222208K, used 18653K [0x00000000d5d80000, 0x00000000e4d00000, 0x0000000100000000)
  eden space 203264K, 0% used [0x00000000d5d80000,0x00000000d5d80000,0x00000000e2400000)
  from space 18944K, 98% used [0x00000000e3900000,0x00000000e4b374b0,0x00000000e4b80000)
  to   space 20992K, 0% used [0x00000000e2400000,0x00000000e2400000,0x00000000e3880000)
 ParOldGen       total 99328K, used 25061K [0x0000000081800000, 0x0000000087900000, 0x00000000d5d80000)
  object space 99328K, 25% used [0x0000000081800000,0x0000000083079520,0x0000000087900000)
 Metaspace       used 56310K, capacity 59034K, committed 59136K, reserved 1099776K
  class space    used 7932K, capacity 8396K, committed 8448K, reserved 1048576K
}
Event: 9.684 GC heap before
{Heap before GC invocations=13 (full 3):
 PSYoungGen      total 222208K, used 18653K [0x00000000d5d80000, 0x00000000e4d00000, 0x0000000100000000)
  eden space 203264K, 0% used [0x00000000d5d80000,0x00000000d5d80000,0x00000000e2400000)
  from space 18944K, 98% used [0x00000000e3900000,0x00000000e4b374b0,0x00000000e4b80000)
  to   space 20992K, 0% used [0x00000000e2400000,0x00000000e2400000,0x00000000e3880000)
 ParOldGen       total 99328K, used 25061K [0x0000000081800000, 0x0000000087900000, 0x00000000d5d80000)
  object space 99328K, 25% used [0x0000000081800000,0x0000000083079520,0x0000000087900000)
 Metaspace       used 56310K, capacity 59034K, committed 59136K, reserved 1099776K
  class space    used 7932K, capacity 8396K, committed 8448K, reserved 1048576K
Event: 9.883 GC heap after
Heap after GC invocations=13 (full 3):
 PSYoungGen      total 222208K, used 0K [0x00000000d5d80000, 0x00000000e4d00000, 0x0000000100000000)
  eden space 203264K, 0% used [0x00000000d5d80000,0x00000000d5d80000,0x00000000e2400000)
  from space 18944K, 0% used [0x00000000e3900000,0x00000000e3900000,0x00000000e4b80000)
  to   space 20992K, 0% used [0x00000000e2400000,0x00000000e2400000,0x00000000e3880000)
 ParOldGen       total 140288K, used 35977K [0x0000000081800000, 0x000000008a100000, 0x00000000d5d80000)
  object space 140288K, 25% used [0x0000000081800000,0x0000000083b22640,0x000000008a100000)
 Metaspace       used 56310K, capacity 59034K, committed 59136K, reserved 1099776K
  class space    used 7932K, capacity 8396K, committed 8448K, reserved 1048576K
}

Deoptimization events (0 events):
No events

Internal exceptions (10 events):
Event: 35.868 Thread 0x000000005e6bd000 Exception <a 'java/security/PrivilegedActionException'> (0x00000000d8d6d678) thrown at [D:\re\workspace\8-2-build-windows-amd64-cygwin\jdk8u25\1677\hotspot\src\share\vm\prims\jvm.cpp, line 1312]
Event: 35.871 Thread 0x000000005e6bd000 Exception <a 'java/security/PrivilegedActionException'> (0x00000000d8d77750) thrown at [D:\re\workspace\8-2-build-windows-amd64-cygwin\jdk8u25\1677\hotspot\src\share\vm\prims\jvm.cpp, line 1312]
Event: 35.872 Thread 0x000000005e6bd000 Exception <a 'java/security/PrivilegedActionException'> (0x00000000d8d83b48) thrown at [D:\re\workspace\8-2-build-windows-amd64-cygwin\jdk8u25\1677\hotspot\src\share\vm\prims\jvm.cpp, line 1312]
Event: 35.873 Thread 0x000000005e6bd000 Exception <a 'java/security/PrivilegedActionException'> (0x00000000d8d91648) thrown at [D:\re\workspace\8-2-build-windows-amd64-cygwin\jdk8u25\1677\hotspot\src\share\vm\prims\jvm.cpp, line 1312]
Event: 35.875 Thread 0x000000005e6bd000 Exception <a 'java/security/PrivilegedActionException'> (0x00000000d8d9db50) thrown at [D:\re\workspace\8-2-build-windows-amd64-cygwin\jdk8u25\1677\hotspot\src\share\vm\prims\jvm.cpp, line 1312]
Event: 35.875 Thread 0x000000005e6bd000 Exception <a 'java/security/PrivilegedActionException'> (0x00000000d8da9890) thrown at [D:\re\workspace\8-2-build-windows-amd64-cygwin\jdk8u25\1677\hotspot\src\share\vm\prims\jvm.cpp, line 1312]
Event: 35.877 Thread 0x000000005e6bd000 Exception <a 'java/security/PrivilegedActionException'> (0x00000000d8f05038) thrown at [D:\re\workspace\8-2-build-windows-amd64-cygwin\jdk8u25\1677\hotspot\src\share\vm\prims\jvm.cpp, line 1312]
Event: 35.878 Thread 0x000000005e6bd000 Exception <a 'java/security/PrivilegedActionException'> (0x00000000d8f0c6f0) thrown at [D:\re\workspace\8-2-build-windows-amd64-cygwin\jdk8u25\1677\hotspot\src\share\vm\prims\jvm.cpp, line 1312]
Event: 35.879 Thread 0x000000005e6bd000 Exception <a 'java/security/PrivilegedActionException'> (0x00000000d8f15380) thrown at [D:\re\workspace\8-2-build-windows-amd64-cygwin\jdk8u25\1677\hotspot\src\share\vm\prims\jvm.cpp, line 1312]
Event: 63.622 Thread 0x000000005c339000 Exception <a 'java/security/PrivilegedActionException'> (0x00000000d88d01f8) thrown at [D:\re\workspace\8-2-build-windows-amd64-cygwin\jdk8u25\1677\hotspot\src\share\vm\prims\jvm.cpp, line 1312]

Events (10 events):
Event: 291.462 Executing VM operation: RedefineClasses done
Event: 291.475 Executing VM operation: ChangeBreakpoints
Event: 291.478 Executing VM operation: ChangeBreakpoints done
Event: 291.494 Executing VM operation: ChangeBreakpoints
Event: 291.496 Executing VM operation: ChangeBreakpoints done
Event: 323.745 Thread 0x0000000058abe800 flushing nmethod 0x0000000002a76390
Event: 343.754 Thread 0x0000000058abe800 flushing nmethod 0x0000000002af9590
Event: 343.754 Thread 0x0000000058abe800 flushing nmethod 0x0000000002af98d0
Event: 364.636 Executing VM operation: RedefineClasses
Event: 364.670 Executing VM operation: RedefineClasses done


Dynamic libraries:
0x000000013fd40000 - 0x000000013fd74000 	C:\Program Files\Java\jdk1.8.0_25\bin\javaw.exe
0x0000000077640000 - 0x00000000777df000 	C:\Windows\SYSTEM32\ntdll.dll
0x0000000077420000 - 0x000000007753f000 	C:\Windows\system32\kernel32.dll
0x000007fefd3d0000 - 0x000007fefd43a000 	C:\Windows\system32\KERNELBASE.dll
0x000007feff750000 - 0x000007feff82b000 	C:\Windows\system32\ADVAPI32.dll
0x000007fefee70000 - 0x000007fefef0f000 	C:\Windows\system32\msvcrt.dll
0x000007fefe640000 - 0x000007fefe65f000 	C:\Windows\SYSTEM32\sechost.dll
0x000007fefea00000 - 0x000007fefeb2d000 	C:\Windows\system32\RPCRT4.dll
0x0000000077540000 - 0x000000007763a000 	C:\Windows\system32\USER32.dll
0x000007fefe730000 - 0x000007fefe797000 	C:\Windows\system32\GDI32.dll
0x000007fefeb30000 - 0x000007fefeb3e000 	C:\Windows\system32\LPK.dll
0x000007fefe660000 - 0x000007fefe72b000 	C:\Windows\system32\USP10.dll
0x000007fefbea0000 - 0x000007fefc094000 	C:\Windows\WinSxS\amd64_microsoft.windows.common-controls_6595b64144ccf1df_6.0.7601.18837_none_fa3b1e3d17594757\COMCTL32.dll
0x000007fefe980000 - 0x000007fefe9f1000 	C:\Windows\system32\SHLWAPI.dll
0x000007fefd770000 - 0x000007fefd79e000 	C:\Windows\system32\IMM32.DLL
0x000007fefe530000 - 0x000007fefe639000 	C:\Windows\system32\MSCTF.dll
0x0000000075060000 - 0x0000000075099000 	C:\PROGRA~2\Sophos\SOPHOS~1\SOPHOS~2.DLL
0x00000000777f0000 - 0x00000000777f7000 	C:\Windows\system32\PSAPI.DLL
0x000000006bae0000 - 0x000000006bbb2000 	C:\Program Files\Java\jdk1.8.0_25\jre\bin\msvcr100.dll
0x0000000068230000 - 0x0000000068a8a000 	C:\Program Files\Java\jdk1.8.0_25\jre\bin\server\jvm.dll
0x000007fef99f0000 - 0x000007fef99f9000 	C:\Windows\system32\WSOCK32.dll
0x000007feff030000 - 0x000007feff07d000 	C:\Windows\system32\WS2_32.dll
0x000007feff470000 - 0x000007feff478000 	C:\Windows\system32\NSI.dll
0x000007fefaa80000 - 0x000007fefaabb000 	C:\Windows\system32\WINMM.dll
0x000000006fd40000 - 0x000000006fd4f000 	C:\Program Files\Java\jdk1.8.0_25\jre\bin\verify.dll
0x000000006fd10000 - 0x000000006fd38000 	C:\Program Files\Java\jdk1.8.0_25\jre\bin\java.dll
0x000000006fcd0000 - 0x000000006fd05000 	C:\Program Files\Java\jdk1.8.0_25\jre\bin\jdwp.dll
0x0000000071a40000 - 0x0000000071a48000 	C:\Program Files\Java\jdk1.8.0_25\jre\bin\npt.dll
0x000000006f7b0000 - 0x000000006f7c6000 	C:\Program Files\Java\jdk1.8.0_25\jre\bin\zip.dll
0x000007fefd7a0000 - 0x000007fefe52b000 	C:\Windows\system32\SHELL32.dll
0x000007feff0e0000 - 0x000007feff2dd000 	C:\Windows\system32\ole32.dll
0x000007fefd310000 - 0x000007fefd31f000 	C:\Windows\system32\profapi.dll
0x000000006f7a0000 - 0x000000006f7a9000 	C:\Program Files\Java\jdk1.8.0_25\jre\bin\dt_socket.dll
0x000007fefae10000 - 0x000007fefae25000 	C:\Windows\system32\NLAapi.dll
0x000007fefa1d0000 - 0x000007fefa1e5000 	C:\Windows\system32\napinsp.dll
0x000007fefa1f0000 - 0x000007fefa209000 	C:\Windows\system32\pnrpnsp.dll
0x000007fefcaa0000 - 0x000007fefcaf5000 	C:\Windows\System32\mswsock.dll
0x000007fefc920000 - 0x000007fefc97b000 	C:\Windows\system32\DNSAPI.dll
0x000007fefa1c0000 - 0x000007fefa1cb000 	C:\Windows\System32\winrnr.dll
0x000007fefb8d0000 - 0x000007fefb8f7000 	C:\Windows\system32\IPHLPAPI.DLL
0x000007fefc460000 - 0x000007fefc46b000 	C:\Windows\system32\WINNSI.DLL
0x000007fefa6b0000 - 0x000007fefa703000 	C:\Windows\System32\fwpuclnt.dll
0x000007fefa240000 - 0x000007fefa248000 	C:\Windows\system32\rasadhlp.dll
0x000007fefc480000 - 0x000007fefc4b1000 	C:\ProgramData\Sophos\Web Intelligence\swi_ifslsp_64.dll
0x000007fefc470000 - 0x000007fefc47c000 	C:\Windows\system32\VERSION.dll
0x000007fefc450000 - 0x000007fefc457000 	C:\Windows\System32\wshtcpip.dll
0x000000006fcc0000 - 0x000000006fccd000 	C:\Program Files\Java\jdk1.8.0_25\jre\bin\management.dll
0x000000006f780000 - 0x000000006f79a000 	C:\Program Files\Java\jdk1.8.0_25\jre\bin\net.dll
0x000007fefca90000 - 0x000007fefca97000 	C:\Windows\System32\wship6.dll
0x000000006f760000 - 0x000000006f771000 	C:\Program Files\Java\jdk1.8.0_25\jre\bin\nio.dll
0x000007fefcb00000 - 0x000007fefcb18000 	C:\Windows\system32\CRYPTSP.dll
0x000007fefc800000 - 0x000007fefc847000 	C:\Windows\system32\rsaenh.dll
0x000007fefd640000 - 0x000007fefd65e000 	C:\Windows\system32\USERENV.dll
0x000007fefd170000 - 0x000007fefd17f000 	C:\Windows\system32\CRYPTBASE.dll
0x000007fefa760000 - 0x000007fefa771000 	C:\Windows\system32\dhcpcsvc6.DLL
0x000007fefa740000 - 0x000007fefa758000 	C:\Windows\system32\dhcpcsvc.DLL
0x000007fef98c0000 - 0x000007fef99e5000 	C:\Windows\system32\dbghelp.dll

VM Arguments:
jvm_args: -agentlib:jdwp=transport=dt_socket,suspend=y,address=localhost:54665 -Dcom.sun.management.jmxremote -Dcom.sun.management.jmxremote.port=54663 -Dcom.sun.management.jmxremote.authenticate=false -Dcom.sun.management.jmxremote.ssl=false -Djava.rmi.server.hostname=localhost -Dspring.liveBeansView.mbeanDomain -Dspring.application.admin.enabled=true -Xverify:none -XX:TieredStopAtLevel=1 -Dfile.encoding=UTF-8 
java_command: com.samplerestaurantservice.Application --spring.output.ansi.enabled=always
java_class_path (initial): E:\Spring\cloud-microservices\SampleRestaurantService\target\classes;C:\Users\sandeep.sharma\.m2\repository\org\springframework\boot\spring-boot-starter-data-jpa\2.1.1.RELEASE\spring-boot-starter-data-jpa-2.1.1.RELEASE.jar;C:\Users\sandeep.sharma\.m2\repository\org\springframework\boot\spring-boot-starter-aop\2.1.1.RELEASE\spring-boot-starter-aop-2.1.1.RELEASE.jar;C:\Users\sandeep.sharma\.m2\repository\org\springframework\spring-aop\5.1.3.RELEASE\spring-aop-5.1.3.RELEASE.jar;C:\Users\sandeep.sharma\.m2\repository\org\aspectj\aspectjweaver\1.9.2\aspectjweaver-1.9.2.jar;C:\Users\sandeep.sharma\.m2\repository\org\springframework\boot\spring-boot-starter-jdbc\2.1.1.RELEASE\spring-boot-starter-jdbc-2.1.1.RELEASE.jar;C:\Users\sandeep.sharma\.m2\repository\com\zaxxer\HikariCP\3.2.0\HikariCP-3.2.0.jar;C:\Users\sandeep.sharma\.m2\repository\org\springframework\spring-jdbc\5.1.3.RELEASE\spring-jdbc-5.1.3.RELEASE.jar;C:\Users\sandeep.sharma\.m2\repository\javax\transaction\javax.transaction-api\1.3\javax.transaction-api-1.3.jar;C:\Users\sandeep.sharma\.m2\repository\javax\xml\bind\jaxb-api\2.3.1\jaxb-api-2.3.1.jar;C:\Users\sandeep.sharma\.m2\repository\javax\activation\javax.activation-api\1.2.0\javax.activation-api-1.2.0.jar;C:\Users\sandeep.sharma\.m2\repository\org\hibernate\hibernate-core\5.3.7.Final\hibernate-core-5.3.7.Final.jar;C:\Users\sandeep.sharma\.m2\repository\org\jboss\logging\jboss-logging\3.3.2.Final\jboss-logging-3.3.2.Final.jar;C:\Users\sandeep.sharma\.m2\repository\javax\persistence\javax.persistence-api\2.2\javax.persistence-api-2.2.jar;C:\Users\sandeep.sharma\.m2\repository\org\javassist\javassist\3.23.1-GA\javassist-3.23.1-GA.jar;C:\Users\sandeep.sharma\.m2\repository\net\bytebuddy\byte-buddy\1.9.5\byte-buddy-1.9.5.jar;C:\Users\sandeep.sharma\.m2\repository\antlr\antlr\2.7.7\antlr-2.7.7.jar;C:\Users\sandeep.sharma\.m2\repository\org\jboss\jandex\2.0.5.Final\jandex-2.0.5.Final.jar;C:\Users\sandeep.sharma\.m2\repository\org\dom4
Launcher Type: SUN_STANDARD

Environment Variables:
JAVA_HOME=C:\Program Files\Java\jdk1.8.0_25
PATH=C:\Program Files\Java\jdk1.8.0_25\jre\bin;C:\Program Files (x86)\Common Files\Oracle\Java\javapath;E:\app\product\11.2.0\dbhome_1\bin;C:\ProgramData\Oracle\Java\javapath;C:\Windows\system32;C:\Windows;C:\Windows\System32\Wbem;C:\Windows\System32\WindowsPowerShell\v1.0\;C:\Program Files\MongoDB\Server\3.2\bin;C:\Program Files\TortoiseSVN\bin;C:\Program Files\Git\cmd;C:\Program Files\TortoiseSVN\bin;C:\Program Files\SlikSvn\bin;C:\apache-maven-3.3.9\bin;C:\gradle-3.3\bin;C:\Program Files\TortoiseGit\bin;C:\Program Files\nodejs\;C:\Program Files\MySQL\MySQL Server 5.7\bin;C:\Program Files\Microsoft SQL Server\Client SDK\ODBC\110\Tools\Binn\;C:\Program Files (x86)\Microsoft SQL Server\120\Tools\Binn\ManagementStudio\;C:\Program Files (x86)\Microsoft SQL Server\120\Tools\Binn\;C:\Program Files\Microsoft SQL Server\120\Tools\Binn\;C:\Program Files (x86)\Microsoft SQL Server\120\DTS\Binn\;C:\Program Files\Microsoft SQL Server\120\DTS\Binn\;C:\Program Files\OpenVPN\bin;E:\softwares\apache-maven-3.3.9\bin;E:\marketlive\mongo\mongodb2.4.6\bin;E:\softwares\Ants\apache-ant-1.7.1\bin;E:\marketlive\tools\cs\build;C:\Users\sandeep.sharma\AppData\Roaming\npm;C:\Program Files\Microsoft VS Code\bin;C:\Program Files\heroku\bin
USERNAME=sandeep.sharma
OS=Windows_NT
PROCESSOR_IDENTIFIER=Intel64 Family 6 Model 58 Stepping 9, GenuineIntel



---------------  S Y S T E M  ---------------

OS: Windows 7 , 64 bit Build 7601 Service Pack 1

CPU:total 4 (2 cores per cpu, 2 threads per core) family 6 model 58 stepping 9, cmov, cx8, fxsr, mmx, sse, sse2, sse3, ssse3, sse4.1, sse4.2, popcnt, avx, clmul, erms, ht, tsc, tscinvbit, tscinv

Memory: 4k page, physical 8283680k(1145356k free), swap 25098320k(14403004k free)

vm_info: Java HotSpot(TM) 64-Bit Server VM (25.25-b02) for windows-amd64 JRE (1.8.0_25-b18), built on Oct  7 2014 14:25:37 by "java_re" with MS VC++ 10.0 (VS2010)

time: Wed Jan 16 16:49:47 2019
elapsed time: 364 seconds (0d 0h 6m 4s)

